2022-12-20 20:23:02,169 [main] INFO 23JulyAutomation Framework - Open URL
2022-12-20 20:23:02,218 [main] INFO 23JulyAutomation Framework - Enter Username
2022-12-20 20:23:02,575 [main] INFO 23JulyAutomation Framework - Enter Password
2022-12-20 20:23:02,709 [main] INFO 23JulyAutomation Framework - Click on login button
2022-12-20 20:23:07,529 [main] INFO 23JulyAutomation Framework - Test case passed
2022-12-20 20:30:44,481 [main] INFO 23JulyAutomation Framework - Open URL
2022-12-20 20:30:44,542 [main] INFO 23JulyAutomation Framework - Enter Username
2022-12-20 20:30:44,892 [main] INFO 23JulyAutomation Framework - Enter Password
2022-12-20 20:30:45,011 [main] INFO 23JulyAutomation Framework - Click on login button
2022-12-20 20:30:49,560 [main] INFO 23JulyAutomation Framework - Test case passed
2022-12-21 19:31:07,352 [main] INFO 23JulyAutomation Framework - Open URL
2022-12-21 19:31:07,416 [main] INFO 23JulyAutomation Framework - Enter Username
2022-12-21 19:31:08,018 [main] INFO 23JulyAutomation Framework - Enter Password
2022-12-21 19:31:08,418 [main] INFO 23JulyAutomation Framework - Click on login button
2022-12-21 19:31:12,805 [main] INFO 23JulyAutomation Framework - Test case passed
2022-12-21 19:55:47,934 [main] INFO 23JulyAutomation Framework - Open URL
2022-12-21 19:55:48,044 [main] INFO 23JulyAutomation Framework - Enter Username
2022-12-21 19:55:48,499 [main] INFO 23JulyAutomation Framework - Enter Password
2022-12-21 19:55:48,668 [main] INFO 23JulyAutomation Framework - Click on login button
2022-12-21 20:16:24,403 [main] INFO 23JulyAutomation Framework - Open URL
2022-12-21 20:16:24,435 [main] INFO 23JulyAutomation Framework - Enter Username
2022-12-21 20:16:24,743 [main] INFO 23JulyAutomation Framework - Enter Password
2022-12-21 20:16:24,863 [main] INFO 23JulyAutomation Framework - Click on login button
2022-12-21 20:36:00,556 [main] INFO 23JulyAutomation Framework - Open URL
2022-12-21 20:36:00,589 [main] INFO 23JulyAutomation Framework - Enter Username
2022-12-21 20:36:01,408 [main] INFO 23JulyAutomation Framework - Enter Password
2022-12-21 20:36:01,667 [main] INFO 23JulyAutomation Framework - Click on login button
2022-12-21 20:36:10,331 [main] INFO 23JulyAutomation Framework - Click in add new customer tab
2022-12-21 20:38:30,639 [main] INFO 23JulyAutomation Framework - Open URL
2022-12-21 20:38:30,674 [main] INFO 23JulyAutomation Framework - Enter Username
2022-12-21 20:38:31,125 [main] INFO 23JulyAutomation Framework - Enter Password
2022-12-21 20:38:31,244 [main] INFO 23JulyAutomation Framework - Click on login button
2022-12-21 20:38:36,547 [main] INFO 23JulyAutomation Framework - Click in add new customer tab
2022-12-21 20:38:56,200 [main] INFO 23JulyAutomation Framework - Enter customer name
2022-12-21 20:56:37,086 [main] INFO 23JulyAutomation Framework - Open URL
2022-12-21 20:56:37,120 [main] INFO 23JulyAutomation Framework - Enter Username
2022-12-21 20:56:37,466 [main] INFO 23JulyAutomation Framework - Enter Password
2022-12-21 20:56:37,589 [main] INFO 23JulyAutomation Framework - Click on login button
2022-12-21 20:56:42,362 [main] INFO 23JulyAutomation Framework - Test case passed
2022-12-21 20:57:02,863 [main] INFO 23JulyAutomation Framework - Open URL
2022-12-21 20:57:02,872 [main] INFO 23JulyAutomation Framework - Enter Username
2022-12-21 20:57:03,777 [main] INFO 23JulyAutomation Framework - Enter Password
2022-12-21 20:57:04,043 [main] INFO 23JulyAutomation Framework - Click on login button
2022-12-21 20:57:08,396 [main] INFO 23JulyAutomation Framework - Click in add new customer tab
2022-12-21 20:57:12,505 [main] INFO 23JulyAutomation Framework - Click in add new customer tab
2022-12-21 20:57:12,607 [main] INFO 23JulyAutomation Framework - Enter customer name
2022-12-21 20:57:12,656 [main] INFO 23JulyAutomation Framework - Select gender
2022-12-21 20:57:12,912 [main] INFO 23JulyAutomation Framework - Select DOB
2022-12-21 20:57:12,985 [main] INFO 23JulyAutomation Framework - Enter address
2022-12-21 20:57:13,018 [main] INFO 23JulyAutomation Framework - Select City
2022-12-21 20:57:13,079 [main] INFO 23JulyAutomation Framework - Select state
2022-12-21 20:57:13,163 [main] INFO 23JulyAutomation Framework - Enter Pin number
2022-12-21 20:57:13,230 [main] INFO 23JulyAutomation Framework - Enter mobile number
2022-12-21 20:57:13,305 [main] INFO 23JulyAutomation Framework - Enter email address
2022-12-21 20:58:30,399 [main] INFO 23JulyAutomation Framework - Enter Passowrd 
2022-12-21 21:00:50,049 [main] INFO 23JulyAutomation Framework - Open URL
2022-12-21 21:00:50,090 [main] INFO 23JulyAutomation Framework - Enter Username
2022-12-21 21:00:50,716 [main] INFO 23JulyAutomation Framework - Enter Password
2022-12-21 21:00:50,862 [main] INFO 23JulyAutomation Framework - Click on login button
2022-12-21 21:00:59,147 [main] INFO 23JulyAutomation Framework - Click in add new customer tab
2022-12-21 21:01:03,757 [main] INFO 23JulyAutomation Framework - Click in add new customer tab
2022-12-21 21:01:03,838 [main] INFO 23JulyAutomation Framework - Enter customer name
2022-12-21 21:01:03,930 [main] INFO 23JulyAutomation Framework - Select gender
2022-12-21 21:01:04,238 [main] INFO 23JulyAutomation Framework - Select DOB
2022-12-21 21:01:04,327 [main] INFO 23JulyAutomation Framework - Enter address
2022-12-21 21:01:04,372 [main] INFO 23JulyAutomation Framework - Select City
2022-12-21 21:01:04,467 [main] INFO 23JulyAutomation Framework - Select state
2022-12-21 21:01:04,535 [main] INFO 23JulyAutomation Framework - Enter Pin number
2022-12-21 21:01:04,584 [main] INFO 23JulyAutomation Framework - Enter mobile number
2022-12-21 21:01:04,686 [main] INFO 23JulyAutomation Framework - Enter email address
2022-12-21 21:02:53,078 [main] INFO 23JulyAutomation Framework - Open URL
2022-12-21 21:02:53,119 [main] INFO 23JulyAutomation Framework - Enter Username
2022-12-21 21:02:53,755 [main] INFO 23JulyAutomation Framework - Enter Password
2022-12-21 21:02:53,938 [main] INFO 23JulyAutomation Framework - Click on login button
2022-12-21 21:03:01,099 [main] INFO 23JulyAutomation Framework - Click in add new customer tab
2022-12-21 21:03:06,920 [main] INFO 23JulyAutomation Framework - Click in add new customer tab
2022-12-21 21:03:07,004 [main] INFO 23JulyAutomation Framework - Enter customer name
2022-12-21 21:03:07,042 [main] INFO 23JulyAutomation Framework - Select gender
2022-12-21 21:03:07,207 [main] INFO 23JulyAutomation Framework - Select DOB
2022-12-21 21:03:07,280 [main] INFO 23JulyAutomation Framework - Enter address
2022-12-21 21:03:07,321 [main] INFO 23JulyAutomation Framework - Select City
2022-12-21 21:03:07,552 [main] INFO 23JulyAutomation Framework - Select state
2022-12-21 21:03:07,604 [main] INFO 23JulyAutomation Framework - Enter Pin number
2022-12-21 21:03:07,662 [main] INFO 23JulyAutomation Framework - Enter mobile number
2022-12-21 21:03:07,780 [main] INFO 23JulyAutomation Framework - Enter email address
2022-12-21 21:16:26,271 [main] INFO 23JulyAutomation Framework - Open URL
2022-12-21 21:16:26,307 [main] INFO 23JulyAutomation Framework - Enter Username
2022-12-21 21:16:26,786 [main] INFO 23JulyAutomation Framework - Enter Password
2022-12-21 21:16:26,913 [main] INFO 23JulyAutomation Framework - Click on login button
2022-12-21 21:16:35,010 [main] INFO 23JulyAutomation Framework - Click in add new customer tab
2022-12-21 21:16:44,274 [main] INFO 23JulyAutomation Framework - Click in add new customer tab
2022-12-21 21:16:44,367 [main] INFO 23JulyAutomation Framework - Enter customer name
2022-12-21 21:16:44,405 [main] INFO 23JulyAutomation Framework - Select gender
2022-12-21 21:16:44,664 [main] INFO 23JulyAutomation Framework - Select DOB
2022-12-21 21:16:44,739 [main] INFO 23JulyAutomation Framework - Enter address
2022-12-21 21:16:44,796 [main] INFO 23JulyAutomation Framework - Select City
2022-12-21 21:16:44,864 [main] INFO 23JulyAutomation Framework - Select state
2022-12-21 21:16:44,915 [main] INFO 23JulyAutomation Framework - Enter Pin number
2022-12-21 21:16:44,954 [main] INFO 23JulyAutomation Framework - Enter mobile number
2022-12-21 21:16:45,037 [main] INFO 23JulyAutomation Framework - Enter email address
2022-12-21 21:20:43,565 [main] INFO 23JulyAutomation Framework - Open URL
2022-12-21 21:20:43,604 [main] INFO 23JulyAutomation Framework - Enter Username
2022-12-21 21:20:44,009 [main] INFO 23JulyAutomation Framework - Enter Password
2022-12-21 21:20:44,132 [main] INFO 23JulyAutomation Framework - Click on login button
2022-12-21 21:20:48,779 [main] INFO 23JulyAutomation Framework - Click in add new customer tab
2022-12-21 21:20:52,867 [main] INFO 23JulyAutomation Framework - Click in add new customer tab
2022-12-21 21:20:52,950 [main] INFO 23JulyAutomation Framework - Enter customer name
2022-12-21 21:20:53,001 [main] INFO 23JulyAutomation Framework - Select gender
2022-12-21 21:20:53,303 [main] INFO 23JulyAutomation Framework - Select DOB
2022-12-21 21:20:53,598 [main] INFO 23JulyAutomation Framework - Enter address
2022-12-21 21:20:53,652 [main] INFO 23JulyAutomation Framework - Select City
2022-12-21 21:20:53,694 [main] INFO 23JulyAutomation Framework - Select state
2022-12-21 21:20:53,742 [main] INFO 23JulyAutomation Framework - Enter Pin number
2022-12-21 21:20:53,783 [main] INFO 23JulyAutomation Framework - Enter mobile number
2022-12-21 21:20:53,880 [main] INFO 23JulyAutomation Framework - Enter email address
2022-12-21 21:28:37,504 [main] INFO 23JulyAutomation Framework - Open URL
2022-12-21 21:28:37,534 [main] INFO 23JulyAutomation Framework - Enter Username
2022-12-21 21:28:38,113 [main] INFO 23JulyAutomation Framework - Enter Password
2022-12-21 21:28:38,611 [main] INFO 23JulyAutomation Framework - Click on login button
2022-12-21 21:28:43,267 [main] INFO 23JulyAutomation Framework - Click in add new customer tab
2022-12-21 21:28:47,412 [main] INFO 23JulyAutomation Framework - Click in add new customer tab
2022-12-21 21:28:47,519 [main] INFO 23JulyAutomation Framework - Enter customer name
2022-12-21 21:28:47,561 [main] INFO 23JulyAutomation Framework - Select gender
2022-12-21 21:28:48,042 [main] INFO 23JulyAutomation Framework - Select DOB
2022-12-21 21:28:48,182 [main] INFO 23JulyAutomation Framework - Enter address
2022-12-21 21:28:48,284 [main] INFO 23JulyAutomation Framework - Select City
2022-12-21 21:28:48,337 [main] INFO 23JulyAutomation Framework - Select state
2022-12-21 21:28:48,379 [main] INFO 23JulyAutomation Framework - Enter Pin number
2022-12-21 21:28:48,423 [main] INFO 23JulyAutomation Framework - Enter mobile number
2022-12-21 21:28:48,472 [main] INFO 23JulyAutomation Framework - Enter email address
2022-12-21 21:30:21,601 [main] INFO 23JulyAutomation Framework - Open URL
2022-12-21 21:30:21,635 [main] INFO 23JulyAutomation Framework - Enter Username
2022-12-21 21:30:22,006 [main] INFO 23JulyAutomation Framework - Enter Password
2022-12-21 21:30:22,146 [main] INFO 23JulyAutomation Framework - Click on login button
2022-12-21 21:30:51,967 [main] INFO 23JulyAutomation Framework - Open URL
2022-12-21 21:30:51,981 [main] INFO 23JulyAutomation Framework - Enter Username
2022-12-21 21:30:52,924 [main] INFO 23JulyAutomation Framework - Enter Password
2022-12-21 21:30:53,031 [main] INFO 23JulyAutomation Framework - Click on login button
2022-12-21 21:30:58,352 [main] INFO 23JulyAutomation Framework - Click in add new customer tab
2022-12-21 21:31:03,289 [main] INFO 23JulyAutomation Framework - Click in add new customer tab
2022-12-21 21:31:03,429 [main] INFO 23JulyAutomation Framework - Enter customer name
2022-12-21 21:31:03,693 [main] INFO 23JulyAutomation Framework - Select gender
2022-12-21 21:31:03,871 [main] INFO 23JulyAutomation Framework - Select DOB
2022-12-21 21:31:04,002 [main] INFO 23JulyAutomation Framework - Enter address
2022-12-21 21:31:04,099 [main] INFO 23JulyAutomation Framework - Select City
2022-12-21 21:31:04,161 [main] INFO 23JulyAutomation Framework - Select state
2022-12-21 21:31:04,245 [main] INFO 23JulyAutomation Framework - Enter Pin number
2022-12-21 21:31:04,297 [main] INFO 23JulyAutomation Framework - Enter mobile number
2022-12-21 21:31:04,362 [main] INFO 23JulyAutomation Framework - Enter email address
2022-12-21 21:31:04,494 [main] INFO 23JulyAutomation Framework - Enter Passowrd 
2022-12-21 21:37:48,078 [main] INFO 23JulyAutomation Framework - Open URL
2022-12-21 21:37:48,112 [main] INFO 23JulyAutomation Framework - Enter Username
2022-12-21 21:37:48,607 [main] INFO 23JulyAutomation Framework - Enter Password
2022-12-21 21:37:49,227 [main] INFO 23JulyAutomation Framework - Click on login button
2022-12-21 21:37:53,992 [main] INFO 23JulyAutomation Framework - Test case passed
2022-12-21 21:38:37,375 [main] INFO 23JulyAutomation Framework - Open URL
2022-12-21 21:38:37,379 [main] INFO 23JulyAutomation Framework - Enter Username
2022-12-21 21:38:38,000 [main] INFO 23JulyAutomation Framework - Enter Password
2022-12-21 21:38:38,198 [main] INFO 23JulyAutomation Framework - Click on login button
2022-12-21 21:38:42,347 [main] INFO 23JulyAutomation Framework - Click in add new customer tab
2022-12-21 21:38:48,112 [main] INFO 23JulyAutomation Framework - Click in add new customer tab
2022-12-21 21:38:48,284 [main] INFO 23JulyAutomation Framework - Enter customer name
2022-12-21 21:38:48,496 [main] INFO 23JulyAutomation Framework - Select gender
2022-12-21 21:38:48,645 [main] INFO 23JulyAutomation Framework - Select DOB
2022-12-21 21:38:48,725 [main] INFO 23JulyAutomation Framework - Enter address
2022-12-21 21:38:48,798 [main] INFO 23JulyAutomation Framework - Select City
2022-12-21 21:38:48,850 [main] INFO 23JulyAutomation Framework - Select state
2022-12-21 21:38:48,892 [main] INFO 23JulyAutomation Framework - Enter Pin number
2022-12-21 21:38:48,941 [main] INFO 23JulyAutomation Framework - Enter mobile number
2022-12-21 21:38:48,996 [main] INFO 23JulyAutomation Framework - Enter email address
2022-12-21 21:38:49,066 [main] INFO 23JulyAutomation Framework - Enter Passowrd 
2022-12-21 21:38:54,246 [main] INFO 23JulyAutomation Framework - User Created
2022-12-22 19:51:18,672 [main] INFO 23JulyAutomation Framework - Open URL
2022-12-22 19:51:20,233 [main] INFO 23JulyAutomation Framework - Enter Username
2022-12-22 19:51:20,493 [main] INFO 23JulyAutomation Framework - Enter Password
2022-12-22 19:51:24,694 [main] INFO 23JulyAutomation Framework - Click on login button
2022-12-22 19:51:25,075 [main] INFO 23JulyAutomation Framework - Click on New Account tab
2022-12-22 19:51:28,543 [main] INFO 23JulyAutomation Framework - Click on New Account tab
2022-12-22 19:51:28,639 [main] INFO 23JulyAutomation Framework - Enter Customer ID
2022-12-22 19:51:28,673 [main] INFO 23JulyAutomation Framework - Enter deposit value
2022-12-22 19:51:31,981 [main] INFO 23JulyAutomation Framework - Click on the submit button
2022-12-22 19:51:32,021 [main] INFO 23JulyAutomation Framework - Account Created
2022-12-22 20:56:30,852 [main] INFO 23JulyAutomation Framework - Open URL
2022-12-22 20:56:30,890 [main] INFO 23JulyAutomation Framework - Enter Username
2022-12-22 20:56:31,274 [main] INFO 23JulyAutomation Framework - Enter Password
2022-12-22 20:56:31,386 [main] INFO 23JulyAutomation Framework - Click on login button
2022-12-22 20:56:36,488 [main] INFO 23JulyAutomation Framework - Login Passed
2022-12-22 20:57:04,611 [main] INFO 23JulyAutomation Framework - Open URL
2022-12-22 20:57:04,616 [main] INFO 23JulyAutomation Framework - Enter Username
2022-12-22 20:57:05,035 [main] INFO 23JulyAutomation Framework - Enter Password
2022-12-22 20:57:05,657 [main] INFO 23JulyAutomation Framework - Click on login button
2022-12-22 20:57:14,385 [main] INFO 23JulyAutomation Framework - LoginFailed
2022-12-22 20:57:31,687 [main] INFO 23JulyAutomation Framework - Open URL
2022-12-22 20:57:31,701 [main] INFO 23JulyAutomation Framework - Enter Username
2022-12-22 20:57:33,015 [main] INFO 23JulyAutomation Framework - Enter Password
2022-12-22 20:57:33,308 [main] INFO 23JulyAutomation Framework - Click on login button
2022-12-22 20:57:41,238 [main] INFO 23JulyAutomation Framework - LoginFailed
2022-12-22 20:58:00,433 [main] INFO 23JulyAutomation Framework - Open URL
2022-12-22 20:58:00,440 [main] INFO 23JulyAutomation Framework - Enter Username
2022-12-22 20:58:00,785 [main] INFO 23JulyAutomation Framework - Enter Password
2022-12-22 20:58:00,927 [main] INFO 23JulyAutomation Framework - Click on login button
2022-12-22 20:58:07,638 [main] INFO 23JulyAutomation Framework - LoginFailed
2022-12-22 20:58:26,314 [main] INFO 23JulyAutomation Framework - Open URL
2022-12-22 20:58:26,326 [main] INFO 23JulyAutomation Framework - Enter Username
2022-12-22 20:58:27,031 [main] INFO 23JulyAutomation Framework - Enter Password
2022-12-22 20:58:27,402 [main] INFO 23JulyAutomation Framework - Click on login button
2022-12-22 20:58:33,949 [main] INFO 23JulyAutomation Framework - LoginFailed
2022-12-22 21:12:31,141 [main] INFO 23JulyAutomation Framework - Open URL
2022-12-22 21:12:31,171 [main] INFO 23JulyAutomation Framework - Enter Username
2022-12-22 21:12:33,055 [main] INFO 23JulyAutomation Framework - Enter Password
2022-12-22 21:12:33,342 [main] INFO 23JulyAutomation Framework - Click on login button
2022-12-22 21:12:37,377 [main] INFO 23JulyAutomation Framework - Click in add new customer tab
2022-12-22 21:12:41,211 [main] INFO 23JulyAutomation Framework - Click in add new customer tab
2022-12-22 21:12:41,294 [main] INFO 23JulyAutomation Framework - Enter customer name
2022-12-22 21:12:41,331 [main] INFO 23JulyAutomation Framework - Select gender
2022-12-22 21:12:41,608 [main] INFO 23JulyAutomation Framework - Select DOB
2022-12-22 21:12:41,688 [main] INFO 23JulyAutomation Framework - Enter address
2022-12-22 21:12:41,756 [main] INFO 23JulyAutomation Framework - Select City
2022-12-22 21:12:41,811 [main] INFO 23JulyAutomation Framework - Select state
2022-12-22 21:12:41,869 [main] INFO 23JulyAutomation Framework - Enter Pin number
2022-12-22 21:12:41,908 [main] INFO 23JulyAutomation Framework - Enter mobile number
2022-12-22 21:12:41,955 [main] INFO 23JulyAutomation Framework - Enter email address
2022-12-22 21:12:42,032 [main] INFO 23JulyAutomation Framework - Enter Passowrd 
2022-12-22 21:12:45,374 [main] INFO 23JulyAutomation Framework - User Created
2022-12-22 21:13:02,736 [main] INFO 23JulyAutomation Framework - Open URL
2022-12-22 21:13:02,739 [main] INFO 23JulyAutomation Framework - Enter Username
2022-12-22 21:13:04,123 [main] INFO 23JulyAutomation Framework - Enter Password
2022-12-22 21:13:04,465 [main] INFO 23JulyAutomation Framework - Click on login button
2022-12-22 21:13:09,726 [main] INFO 23JulyAutomation Framework - Test case passed
2022-12-22 21:13:27,190 [main] INFO 23JulyAutomation Framework - Open URL
2022-12-22 21:13:27,194 [main] INFO 23JulyAutomation Framework - Enter Username
2022-12-22 21:13:27,886 [main] INFO 23JulyAutomation Framework - Enter Password
2022-12-22 21:13:28,779 [main] INFO 23JulyAutomation Framework - Click on login button
2022-12-22 21:13:33,024 [main] INFO 23JulyAutomation Framework - Login Passed
2022-12-22 21:14:01,811 [main] INFO 23JulyAutomation Framework - Open URL
2022-12-22 21:14:01,822 [main] INFO 23JulyAutomation Framework - Enter Username
2022-12-22 21:14:02,614 [main] INFO 23JulyAutomation Framework - Enter Password
2022-12-22 21:14:02,748 [main] INFO 23JulyAutomation Framework - Click on login button
2022-12-22 21:14:10,453 [main] INFO 23JulyAutomation Framework - LoginFailed
2022-12-22 21:17:03,751 [main] INFO 23JulyAutomation Framework - Open URL
2022-12-22 21:17:03,786 [main] INFO 23JulyAutomation Framework - Enter Username
2022-12-22 21:17:04,319 [main] INFO 23JulyAutomation Framework - Enter Password
2022-12-22 21:17:04,418 [main] INFO 23JulyAutomation Framework - Click on login button
2022-12-22 21:17:09,397 [main] INFO 23JulyAutomation Framework - Click in add new customer tab
2022-12-22 21:17:13,253 [main] INFO 23JulyAutomation Framework - Click in add new customer tab
2022-12-22 21:17:13,341 [main] INFO 23JulyAutomation Framework - Enter customer name
2022-12-22 21:17:13,437 [main] INFO 23JulyAutomation Framework - Select gender
2022-12-22 21:17:13,849 [main] INFO 23JulyAutomation Framework - Select DOB
2022-12-22 21:17:13,923 [main] INFO 23JulyAutomation Framework - Enter address
2022-12-22 21:17:14,001 [main] INFO 23JulyAutomation Framework - Select City
2022-12-22 21:17:14,044 [main] INFO 23JulyAutomation Framework - Select state
2022-12-22 21:17:14,084 [main] INFO 23JulyAutomation Framework - Enter Pin number
2022-12-22 21:17:14,121 [main] INFO 23JulyAutomation Framework - Enter mobile number
2022-12-22 21:17:14,175 [main] INFO 23JulyAutomation Framework - Enter email address
2022-12-22 21:17:14,227 [main] INFO 23JulyAutomation Framework - Enter Passowrd 
2022-12-22 21:18:33,412 [main] INFO 23JulyAutomation Framework - Open URL
2022-12-22 21:18:33,417 [main] INFO 23JulyAutomation Framework - Enter Username
2022-12-22 21:18:34,400 [main] INFO 23JulyAutomation Framework - Enter Password
2022-12-22 21:18:34,514 [main] INFO 23JulyAutomation Framework - Click on login button
2022-12-22 21:18:38,232 [main] INFO 23JulyAutomation Framework - Login Passed
2022-12-22 21:19:08,386 [main] INFO 23JulyAutomation Framework - Open URL
2022-12-22 21:19:08,390 [main] INFO 23JulyAutomation Framework - Enter Username
2022-12-22 21:19:08,965 [main] INFO 23JulyAutomation Framework - Enter Password
2022-12-22 21:19:09,395 [main] INFO 23JulyAutomation Framework - Click on login button
2022-12-22 21:19:16,209 [main] INFO 23JulyAutomation Framework - LoginFailed
2022-12-22 21:19:34,268 [main] INFO 23JulyAutomation Framework - Open URL
2022-12-22 21:19:34,271 [main] INFO 23JulyAutomation Framework - Enter Username
2022-12-22 21:19:35,730 [main] INFO 23JulyAutomation Framework - Enter Password
2022-12-22 21:19:35,926 [main] INFO 23JulyAutomation Framework - Click on login button
2022-12-22 21:19:43,025 [main] INFO 23JulyAutomation Framework - LoginFailed
2022-12-22 21:20:04,188 [main] INFO 23JulyAutomation Framework - Open URL
2022-12-22 21:20:04,194 [main] INFO 23JulyAutomation Framework - Enter Username
2022-12-22 21:20:04,507 [main] INFO 23JulyAutomation Framework - Enter Password
2022-12-22 21:20:04,696 [main] INFO 23JulyAutomation Framework - Click on login button
2022-12-22 21:20:12,559 [main] INFO 23JulyAutomation Framework - LoginFailed
2022-12-22 21:20:31,398 [main] INFO 23JulyAutomation Framework - Open URL
2022-12-22 21:20:31,404 [main] INFO 23JulyAutomation Framework - Enter Username
2022-12-22 21:20:31,760 [main] INFO 23JulyAutomation Framework - Enter Password
2022-12-22 21:20:31,857 [main] INFO 23JulyAutomation Framework - Click on login button
2022-12-22 21:20:38,757 [main] INFO 23JulyAutomation Framework - LoginFailed
2022-12-22 21:21:01,816 [main] INFO 23JulyAutomation Framework - Open URL
2022-12-22 21:21:02,539 [main] INFO 23JulyAutomation Framework - Enter Username
2022-12-22 21:21:02,732 [main] INFO 23JulyAutomation Framework - Enter Password
2022-12-22 21:21:06,721 [main] INFO 23JulyAutomation Framework - Click on login button
2022-12-22 21:21:06,928 [main] INFO 23JulyAutomation Framework - Click on New Account tab
2022-12-22 21:21:10,642 [main] INFO 23JulyAutomation Framework - Click on New Account tab
2022-12-22 21:21:10,720 [main] INFO 23JulyAutomation Framework - Enter Customer ID
2022-12-22 21:21:10,758 [main] INFO 23JulyAutomation Framework - Enter deposit value
2022-12-22 21:21:13,935 [main] INFO 23JulyAutomation Framework - Click on the submit button
2022-12-22 21:21:13,970 [main] INFO 23JulyAutomation Framework - Account Created
2022-12-22 21:29:17,538 [main] INFO 23JulyAutomation Framework - Open URL
2022-12-22 21:29:17,931 [main] INFO 23JulyAutomation Framework - Enter Username
2022-12-22 21:29:18,031 [main] INFO 23JulyAutomation Framework - Enter Password
2022-12-22 21:29:21,860 [main] INFO 23JulyAutomation Framework - Click on login button
2022-12-22 21:29:23,123 [main] INFO 23JulyAutomation Framework - Click on New Account tab
2022-12-22 21:29:27,286 [main] INFO 23JulyAutomation Framework - Click on New Account tab
2022-12-22 21:29:27,353 [main] INFO 23JulyAutomation Framework - Enter Customer ID
2022-12-22 21:29:27,388 [main] INFO 23JulyAutomation Framework - Enter deposit value
2022-12-22 21:29:31,320 [main] INFO 23JulyAutomation Framework - Click on the submit button
2022-12-22 21:29:31,367 [main] INFO 23JulyAutomation Framework - Account Created
2022-12-22 21:29:52,639 [main] INFO 23JulyAutomation Framework - Open URL
2022-12-22 21:29:52,644 [main] INFO 23JulyAutomation Framework - Enter Username
2022-12-22 21:29:53,596 [main] INFO 23JulyAutomation Framework - Enter Password
2022-12-22 21:29:53,765 [main] INFO 23JulyAutomation Framework - Click on login button
2022-12-22 21:29:57,818 [main] INFO 23JulyAutomation Framework - Login Passed
2022-12-22 21:30:28,232 [main] INFO 23JulyAutomation Framework - Open URL
2022-12-22 21:30:28,236 [main] INFO 23JulyAutomation Framework - Enter Username
2022-12-22 21:30:29,035 [main] INFO 23JulyAutomation Framework - Enter Password
2022-12-22 21:30:29,172 [main] INFO 23JulyAutomation Framework - Click on login button
2022-12-22 21:30:36,703 [main] INFO 23JulyAutomation Framework - LoginFailed
2022-12-22 21:30:54,314 [main] INFO 23JulyAutomation Framework - Open URL
2022-12-22 21:30:54,344 [main] INFO 23JulyAutomation Framework - Enter Username
2022-12-22 21:30:54,698 [main] INFO 23JulyAutomation Framework - Enter Password
2022-12-22 21:30:54,816 [main] INFO 23JulyAutomation Framework - Click on login button
2022-12-22 21:31:03,823 [main] INFO 23JulyAutomation Framework - LoginFailed
2022-12-22 21:31:29,320 [main] INFO 23JulyAutomation Framework - Open URL
2022-12-22 21:31:29,325 [main] INFO 23JulyAutomation Framework - Enter Username
2022-12-22 21:31:29,853 [main] INFO 23JulyAutomation Framework - Enter Password
2022-12-22 21:31:30,019 [main] INFO 23JulyAutomation Framework - Click on login button
2022-12-22 21:31:37,786 [main] INFO 23JulyAutomation Framework - LoginFailed
2022-12-22 21:31:58,415 [main] INFO 23JulyAutomation Framework - Open URL
2022-12-22 21:31:58,423 [main] INFO 23JulyAutomation Framework - Enter Username
2022-12-22 21:31:59,129 [main] INFO 23JulyAutomation Framework - Enter Password
2022-12-22 21:31:59,322 [main] INFO 23JulyAutomation Framework - Click on login button
2022-12-22 21:32:07,178 [main] INFO 23JulyAutomation Framework - LoginFailed
2022-12-22 21:32:27,185 [main] INFO 23JulyAutomation Framework - Open URL
2022-12-22 21:32:27,205 [main] INFO 23JulyAutomation Framework - Enter Username
2022-12-22 21:32:28,062 [main] INFO 23JulyAutomation Framework - Enter Password
2022-12-22 21:32:28,168 [main] INFO 23JulyAutomation Framework - Click on login button
2022-12-22 21:32:32,507 [main] INFO 23JulyAutomation Framework - Click in add new customer tab
2022-12-22 21:32:36,248 [main] INFO 23JulyAutomation Framework - Click in add new customer tab
2022-12-22 21:32:36,299 [main] INFO 23JulyAutomation Framework - Enter customer name
2022-12-22 21:32:36,482 [main] INFO 23JulyAutomation Framework - Select gender
2022-12-22 21:32:36,620 [main] INFO 23JulyAutomation Framework - Select DOB
2022-12-22 21:32:36,707 [main] INFO 23JulyAutomation Framework - Enter address
2022-12-22 21:32:36,780 [main] INFO 23JulyAutomation Framework - Select City
2022-12-22 21:32:36,821 [main] INFO 23JulyAutomation Framework - Select state
2022-12-22 21:32:36,860 [main] INFO 23JulyAutomation Framework - Enter Pin number
2022-12-22 21:32:36,909 [main] INFO 23JulyAutomation Framework - Enter mobile number
2022-12-22 21:32:36,993 [main] INFO 23JulyAutomation Framework - Enter email address
2022-12-22 21:32:37,033 [main] INFO 23JulyAutomation Framework - Enter Passowrd 
2022-12-22 21:32:40,156 [main] INFO 23JulyAutomation Framework - User Created
2022-12-22 21:32:59,997 [main] INFO 23JulyAutomation Framework - Open URL
2022-12-22 21:33:00,002 [main] INFO 23JulyAutomation Framework - Enter Username
2022-12-22 21:33:00,415 [main] INFO 23JulyAutomation Framework - Enter Password
2022-12-22 21:33:01,388 [main] INFO 23JulyAutomation Framework - Click on login button
2022-12-22 21:33:05,394 [main] INFO 23JulyAutomation Framework - Test case passed
2022-12-23 18:40:13,782 [main] INFO 23JulyAutomation Framework - Open URL
2022-12-23 18:40:14,164 [main] INFO 23JulyAutomation Framework - Enter Username
2022-12-23 18:40:14,270 [main] INFO 23JulyAutomation Framework - Enter Password
2022-12-23 18:40:18,578 [main] INFO 23JulyAutomation Framework - Click on login button
2022-12-23 18:40:19,040 [main] INFO 23JulyAutomation Framework - Click on New Account tab
2022-12-23 18:40:22,750 [main] INFO 23JulyAutomation Framework - Click on New Account tab
2022-12-23 18:40:22,814 [main] INFO 23JulyAutomation Framework - Enter Customer ID
2022-12-23 18:40:22,851 [main] INFO 23JulyAutomation Framework - Enter deposit value
2022-12-23 18:40:26,195 [main] INFO 23JulyAutomation Framework - Click on the submit button
2022-12-23 18:40:26,244 [main] INFO 23JulyAutomation Framework - Account Created
2022-12-23 18:40:44,339 [main] INFO 23JulyAutomation Framework - Open URL
2022-12-23 18:40:44,345 [main] INFO 23JulyAutomation Framework - Enter Username
2022-12-23 18:40:45,284 [main] INFO 23JulyAutomation Framework - Enter Password
2022-12-23 18:40:46,668 [main] INFO 23JulyAutomation Framework - Click on login button
2022-12-23 18:40:51,635 [main] INFO 23JulyAutomation Framework - Login Passed
2022-12-23 18:41:17,965 [main] INFO 23JulyAutomation Framework - Open URL
2022-12-23 18:41:17,970 [main] INFO 23JulyAutomation Framework - Enter Username
2022-12-23 18:41:18,531 [main] INFO 23JulyAutomation Framework - Enter Password
2022-12-23 18:41:19,475 [main] INFO 23JulyAutomation Framework - Click on login button
2022-12-23 18:41:27,503 [main] INFO 23JulyAutomation Framework - LoginFailed
2022-12-23 18:41:43,814 [main] INFO 23JulyAutomation Framework - Open URL
2022-12-23 18:41:43,825 [main] INFO 23JulyAutomation Framework - Enter Username
2022-12-23 18:41:45,431 [main] INFO 23JulyAutomation Framework - Enter Password
2022-12-23 18:41:45,627 [main] INFO 23JulyAutomation Framework - Click on login button
2022-12-23 18:41:52,799 [main] INFO 23JulyAutomation Framework - LoginFailed
2022-12-23 18:42:08,915 [main] INFO 23JulyAutomation Framework - Open URL
2022-12-23 18:42:08,924 [main] INFO 23JulyAutomation Framework - Enter Username
2022-12-23 18:42:09,435 [main] INFO 23JulyAutomation Framework - Enter Password
2022-12-23 18:42:10,248 [main] INFO 23JulyAutomation Framework - Click on login button
2022-12-23 18:42:18,191 [main] INFO 23JulyAutomation Framework - LoginFailed
2022-12-23 18:42:34,400 [main] INFO 23JulyAutomation Framework - Open URL
2022-12-23 18:42:34,403 [main] INFO 23JulyAutomation Framework - Enter Username
2022-12-23 18:42:35,916 [main] INFO 23JulyAutomation Framework - Enter Password
2022-12-23 18:42:36,197 [main] INFO 23JulyAutomation Framework - Click on login button
2022-12-23 18:42:43,726 [main] INFO 23JulyAutomation Framework - LoginFailed
2022-12-23 18:43:00,156 [main] INFO 23JulyAutomation Framework - Open URL
2022-12-23 18:43:00,160 [main] INFO 23JulyAutomation Framework - Enter Username
2022-12-23 18:43:00,704 [main] INFO 23JulyAutomation Framework - Enter Password
2022-12-23 18:43:00,872 [main] INFO 23JulyAutomation Framework - Click on login button
2022-12-23 18:43:06,031 [main] INFO 23JulyAutomation Framework - Click in add new customer tab
2022-12-23 18:43:09,940 [main] INFO 23JulyAutomation Framework - Click in add new customer tab
2022-12-23 18:43:10,057 [main] INFO 23JulyAutomation Framework - Enter customer name
2022-12-23 18:43:10,171 [main] INFO 23JulyAutomation Framework - Select gender
2022-12-23 18:43:10,476 [main] INFO 23JulyAutomation Framework - Select DOB
2022-12-23 18:43:10,554 [main] INFO 23JulyAutomation Framework - Enter address
2022-12-23 18:43:10,623 [main] INFO 23JulyAutomation Framework - Select City
2022-12-23 18:43:10,672 [main] INFO 23JulyAutomation Framework - Select state
2022-12-23 18:43:10,712 [main] INFO 23JulyAutomation Framework - Enter Pin number
2022-12-23 18:43:10,749 [main] INFO 23JulyAutomation Framework - Enter mobile number
2022-12-23 18:43:10,794 [main] INFO 23JulyAutomation Framework - Enter email address
2022-12-23 18:43:10,858 [main] INFO 23JulyAutomation Framework - Enter Passowrd 
2022-12-23 18:43:14,159 [main] INFO 23JulyAutomation Framework - User Created
2022-12-23 18:43:31,068 [main] INFO 23JulyAutomation Framework - Open URL
2022-12-23 18:43:31,087 [main] INFO 23JulyAutomation Framework - Enter Username
2022-12-23 18:43:31,744 [main] INFO 23JulyAutomation Framework - Enter Password
2022-12-23 18:43:31,907 [main] INFO 23JulyAutomation Framework - Click on login button
2022-12-23 18:47:23,908 [main] INFO 23JulyAutomation Framework - Open URL
2022-12-23 18:47:23,945 [main] INFO 23JulyAutomation Framework - Enter Username
2022-12-23 18:47:24,573 [main] INFO 23JulyAutomation Framework - Enter Password
2022-12-23 18:47:24,728 [main] INFO 23JulyAutomation Framework - Click on login button
2022-12-23 18:47:27,947 [main] INFO 23JulyAutomation Framework - Test case passed
2022-12-23 19:38:15,807 [main] INFO 23JulyAutomation Framework - Open URL
2022-12-23 19:38:16,449 [main] INFO 23JulyAutomation Framework - Enter Username
2022-12-23 19:38:16,615 [main] INFO 23JulyAutomation Framework - Enter Password
2022-12-23 19:38:22,267 [main] INFO 23JulyAutomation Framework - Click on login button
2022-12-23 19:38:22,463 [main] INFO 23JulyAutomation Framework - Click on New Account tab
2022-12-23 19:38:26,515 [main] INFO 23JulyAutomation Framework - Click on New Account tab
2022-12-23 19:38:26,593 [main] INFO 23JulyAutomation Framework - Enter Customer ID
2022-12-23 19:38:26,629 [main] INFO 23JulyAutomation Framework - Enter deposit value
2022-12-23 19:38:29,729 [main] INFO 23JulyAutomation Framework - Click on the submit button
2022-12-23 19:38:29,772 [main] INFO 23JulyAutomation Framework - Account Created
2022-12-23 19:38:47,432 [main] INFO 23JulyAutomation Framework - Open URL
2022-12-23 19:38:47,436 [main] INFO 23JulyAutomation Framework - Enter Username
2022-12-23 19:38:48,069 [main] INFO 23JulyAutomation Framework - Enter Password
2022-12-23 19:38:49,196 [main] INFO 23JulyAutomation Framework - Click on login button
2022-12-23 19:38:54,024 [main] INFO 23JulyAutomation Framework - Click in add new customer tab
2022-12-23 19:38:59,577 [main] INFO 23JulyAutomation Framework - Click in add new customer tab
2022-12-23 19:38:59,707 [main] INFO 23JulyAutomation Framework - Enter customer name
2022-12-23 19:38:59,900 [main] INFO 23JulyAutomation Framework - Select gender
2022-12-23 19:39:00,066 [main] INFO 23JulyAutomation Framework - Select DOB
2022-12-23 19:39:00,135 [main] INFO 23JulyAutomation Framework - Enter address
2022-12-23 19:39:00,202 [main] INFO 23JulyAutomation Framework - Select City
2022-12-23 19:39:00,243 [main] INFO 23JulyAutomation Framework - Select state
2022-12-23 19:39:00,289 [main] INFO 23JulyAutomation Framework - Enter Pin number
2022-12-23 19:39:00,345 [main] INFO 23JulyAutomation Framework - Enter mobile number
2022-12-23 19:39:00,400 [main] INFO 23JulyAutomation Framework - Enter email address
2022-12-23 19:39:00,451 [main] INFO 23JulyAutomation Framework - Enter Passowrd 
2022-12-23 19:39:24,041 [main] INFO 23JulyAutomation Framework - Open URL
2022-12-23 19:39:24,048 [main] INFO 23JulyAutomation Framework - Enter Username
2022-12-23 19:39:24,649 [main] INFO 23JulyAutomation Framework - Enter Password
2022-12-23 19:39:25,619 [main] INFO 23JulyAutomation Framework - Click on login button
2022-12-23 19:41:54,094 [main] INFO 23JulyAutomation Framework - Open URL
2022-12-23 19:41:54,132 [main] INFO 23JulyAutomation Framework - Enter Username
2022-12-23 19:41:55,590 [main] INFO 23JulyAutomation Framework - Enter Password
2022-12-23 19:41:55,738 [main] INFO 23JulyAutomation Framework - Click on login button
2022-12-23 19:41:59,554 [main] INFO 23JulyAutomation Framework - Test case passed
2022-12-23 19:42:19,930 [main] INFO 23JulyAutomation Framework - Open URL
2022-12-23 19:42:19,932 [main] INFO 23JulyAutomation Framework - Enter Username
2022-12-23 19:42:20,441 [main] INFO 23JulyAutomation Framework - Enter Password
2022-12-23 19:42:20,951 [main] INFO 23JulyAutomation Framework - Click on login button
2022-12-23 19:42:25,391 [main] INFO 23JulyAutomation Framework - Click in add new customer tab
2022-12-23 19:42:29,384 [main] INFO 23JulyAutomation Framework - Click in add new customer tab
2022-12-23 19:42:29,494 [main] INFO 23JulyAutomation Framework - Enter customer name
2022-12-23 19:42:29,827 [main] INFO 23JulyAutomation Framework - Select gender
2022-12-23 19:42:29,994 [main] INFO 23JulyAutomation Framework - Select DOB
2022-12-23 19:42:30,089 [main] INFO 23JulyAutomation Framework - Enter address
2022-12-23 19:42:30,170 [main] INFO 23JulyAutomation Framework - Select City
2022-12-23 19:42:30,223 [main] INFO 23JulyAutomation Framework - Select state
2022-12-23 19:42:30,283 [main] INFO 23JulyAutomation Framework - Enter Pin number
2022-12-23 19:42:30,354 [main] INFO 23JulyAutomation Framework - Enter mobile number
2022-12-23 19:42:30,399 [main] INFO 23JulyAutomation Framework - Enter email address
2022-12-23 19:42:30,453 [main] INFO 23JulyAutomation Framework - Enter Passowrd 
2022-12-23 19:42:33,950 [main] INFO 23JulyAutomation Framework - User Created
2022-12-23 19:51:09,912 [main] INFO 23JulyAutomation Framework - Open URL
2022-12-23 19:51:10,364 [main] INFO 23JulyAutomation Framework - Enter Username
2022-12-23 19:51:10,960 [main] INFO 23JulyAutomation Framework - Enter Password
2022-12-23 19:51:15,189 [main] INFO 23JulyAutomation Framework - Click on login button
2022-12-23 19:51:15,806 [main] INFO 23JulyAutomation Framework - Click on New Account tab
2022-12-23 19:51:19,785 [main] INFO 23JulyAutomation Framework - Click on New Account tab
2022-12-23 19:51:19,892 [main] INFO 23JulyAutomation Framework - Enter Customer ID
2022-12-23 19:51:20,161 [main] INFO 23JulyAutomation Framework - Enter deposit value
2022-12-23 19:51:22,977 [main] INFO 23JulyAutomation Framework - Click on the submit button
2022-12-23 19:51:23,019 [main] INFO 23JulyAutomation Framework - Account Created
2022-12-23 19:51:41,470 [main] INFO 23JulyAutomation Framework - Open URL
2022-12-23 19:51:41,476 [main] INFO 23JulyAutomation Framework - Enter Username
2022-12-23 19:51:42,822 [main] INFO 23JulyAutomation Framework - Enter Password
2022-12-23 19:51:43,115 [main] INFO 23JulyAutomation Framework - Click on login button
2022-12-23 19:51:47,924 [main] INFO 23JulyAutomation Framework - Click in add new customer tab
2022-12-23 19:51:51,814 [main] INFO 23JulyAutomation Framework - Click in add new customer tab
2022-12-23 19:51:51,906 [main] INFO 23JulyAutomation Framework - Enter customer name
2022-12-23 19:51:51,944 [main] INFO 23JulyAutomation Framework - Select gender
2022-12-23 19:51:52,250 [main] INFO 23JulyAutomation Framework - Select DOB
2022-12-23 19:51:52,333 [main] INFO 23JulyAutomation Framework - Enter address
2022-12-23 19:51:52,405 [main] INFO 23JulyAutomation Framework - Select City
2022-12-23 19:51:52,449 [main] INFO 23JulyAutomation Framework - Select state
2022-12-23 19:51:52,507 [main] INFO 23JulyAutomation Framework - Enter Pin number
2022-12-23 19:51:52,548 [main] INFO 23JulyAutomation Framework - Enter mobile number
2022-12-23 19:51:52,599 [main] INFO 23JulyAutomation Framework - Enter email address
2022-12-23 19:51:52,656 [main] INFO 23JulyAutomation Framework - Enter Passowrd 
2022-12-23 19:51:55,847 [main] INFO 23JulyAutomation Framework - User Created
2022-12-23 19:52:13,275 [main] INFO 23JulyAutomation Framework - Open URL
2022-12-23 19:52:13,280 [main] INFO 23JulyAutomation Framework - Enter Username
2022-12-23 19:52:14,668 [main] INFO 23JulyAutomation Framework - Enter Password
2022-12-23 19:52:14,941 [main] INFO 23JulyAutomation Framework - Click on login button
2022-12-23 19:52:19,131 [main] INFO 23JulyAutomation Framework - Test case passed
2022-12-24 00:06:20,464 [main] INFO 23JulyAutomation Framework - Open URL
2022-12-24 00:06:21,119 [main] INFO 23JulyAutomation Framework - Enter Username
2022-12-24 00:06:21,332 [main] INFO 23JulyAutomation Framework - Enter Password
2022-12-24 00:06:26,231 [main] INFO 23JulyAutomation Framework - Click on login button
2022-12-24 00:06:28,854 [main] INFO 23JulyAutomation Framework - Click on New Account tab
2022-12-24 00:06:31,455 [main] INFO 23JulyAutomation Framework - Click on New Account tab
2022-12-24 00:06:31,548 [main] INFO 23JulyAutomation Framework - Enter Customer ID
2022-12-24 00:06:31,837 [main] INFO 23JulyAutomation Framework - Enter deposit value
2022-12-24 00:06:35,889 [main] INFO 23JulyAutomation Framework - Click on the submit button
2022-12-24 00:06:36,048 [main] INFO 23JulyAutomation Framework - Account Created
2022-12-24 00:06:58,839 [main] INFO 23JulyAutomation Framework - Open URL
2022-12-24 00:06:58,846 [main] INFO 23JulyAutomation Framework - Enter Username
2022-12-24 00:06:59,310 [main] INFO 23JulyAutomation Framework - Enter Password
2022-12-24 00:06:59,920 [main] INFO 23JulyAutomation Framework - Click on login button
2022-12-24 00:07:03,910 [main] INFO 23JulyAutomation Framework - Login Passed
2022-12-24 00:07:30,963 [main] INFO 23JulyAutomation Framework - Open URL
2022-12-24 00:07:30,968 [main] INFO 23JulyAutomation Framework - Enter Username
2022-12-24 00:07:32,542 [main] INFO 23JulyAutomation Framework - Enter Password
2022-12-24 00:07:32,775 [main] INFO 23JulyAutomation Framework - Click on login button
2022-12-24 00:07:42,898 [main] INFO 23JulyAutomation Framework - LoginFailed
2022-12-24 00:08:00,999 [main] INFO 23JulyAutomation Framework - Open URL
2022-12-24 00:08:01,009 [main] INFO 23JulyAutomation Framework - Enter Username
2022-12-24 00:08:01,527 [main] INFO 23JulyAutomation Framework - Enter Password
2022-12-24 00:08:01,682 [main] INFO 23JulyAutomation Framework - Click on login button
2022-12-24 00:08:10,382 [main] INFO 23JulyAutomation Framework - LoginFailed
2022-12-24 00:08:26,661 [main] INFO 23JulyAutomation Framework - Open URL
2022-12-24 00:08:26,664 [main] INFO 23JulyAutomation Framework - Enter Username
2022-12-24 00:08:27,177 [main] INFO 23JulyAutomation Framework - Enter Password
2022-12-24 00:08:27,577 [main] INFO 23JulyAutomation Framework - Click on login button
2022-12-24 00:08:35,911 [main] INFO 23JulyAutomation Framework - LoginFailed
2022-12-24 00:08:54,886 [main] INFO 23JulyAutomation Framework - Open URL
2022-12-24 00:08:54,897 [main] INFO 23JulyAutomation Framework - Enter Username
2022-12-24 00:08:55,380 [main] INFO 23JulyAutomation Framework - Enter Password
2022-12-24 00:08:56,365 [main] INFO 23JulyAutomation Framework - Click on login button
2022-12-24 00:09:05,196 [main] INFO 23JulyAutomation Framework - LoginFailed
2022-12-24 00:09:22,646 [main] INFO 23JulyAutomation Framework - Open URL
2022-12-24 00:09:22,654 [main] INFO 23JulyAutomation Framework - Enter Username
2022-12-24 00:09:23,949 [main] INFO 23JulyAutomation Framework - Enter Password
2022-12-24 00:09:24,170 [main] INFO 23JulyAutomation Framework - Click on login button
2022-12-24 00:09:28,794 [main] INFO 23JulyAutomation Framework - Click in add new customer tab
2022-12-24 00:09:32,408 [main] INFO 23JulyAutomation Framework - Click in add new customer tab
2022-12-24 00:09:32,489 [main] INFO 23JulyAutomation Framework - Enter customer name
2022-12-24 00:09:32,535 [main] INFO 23JulyAutomation Framework - Select gender
2022-12-24 00:09:32,849 [main] INFO 23JulyAutomation Framework - Select DOB
2022-12-24 00:09:32,945 [main] INFO 23JulyAutomation Framework - Enter address
2022-12-24 00:09:33,044 [main] INFO 23JulyAutomation Framework - Select City
2022-12-24 00:09:33,084 [main] INFO 23JulyAutomation Framework - Select state
2022-12-24 00:09:33,125 [main] INFO 23JulyAutomation Framework - Enter Pin number
2022-12-24 00:09:33,167 [main] INFO 23JulyAutomation Framework - Enter mobile number
2022-12-24 00:09:33,219 [main] INFO 23JulyAutomation Framework - Enter email address
2022-12-24 00:09:33,269 [main] INFO 23JulyAutomation Framework - Enter Passowrd 
2022-12-24 00:09:36,841 [main] INFO 23JulyAutomation Framework - User Created
2022-12-24 00:09:54,843 [main] INFO 23JulyAutomation Framework - Open URL
2022-12-24 00:09:54,859 [main] INFO 23JulyAutomation Framework - Enter Username
2022-12-24 00:09:55,386 [main] INFO 23JulyAutomation Framework - Enter Password
2022-12-24 00:09:56,506 [main] INFO 23JulyAutomation Framework - Click on login button
2022-12-24 00:10:01,042 [main] INFO 23JulyAutomation Framework - Test case passed
2022-12-25 09:48:58,118 [main] INFO 23JulyAutomation Framework - Open URL
2022-12-25 09:48:58,716 [main] INFO 23JulyAutomation Framework - Enter Username
2022-12-25 09:48:58,857 [main] INFO 23JulyAutomation Framework - Enter Password
2022-12-25 09:49:03,299 [main] INFO 23JulyAutomation Framework - Click on login button
2022-12-25 09:49:03,592 [main] INFO 23JulyAutomation Framework - Click on New Account tab
2022-12-25 09:49:07,152 [main] INFO 23JulyAutomation Framework - Click on New Account tab
2022-12-25 09:49:07,212 [main] INFO 23JulyAutomation Framework - Enter Customer ID
2022-12-25 09:49:07,255 [main] INFO 23JulyAutomation Framework - Enter deposit value
2022-12-25 09:49:10,404 [main] INFO 23JulyAutomation Framework - Click on the submit button
2022-12-25 09:49:10,440 [main] INFO 23JulyAutomation Framework - Account Created
2022-12-25 09:49:29,582 [main] INFO 23JulyAutomation Framework - Open URL
2022-12-25 09:49:29,588 [main] INFO 23JulyAutomation Framework - Enter Username
2022-12-25 09:49:30,168 [main] INFO 23JulyAutomation Framework - Enter Password
2022-12-25 09:49:31,427 [main] INFO 23JulyAutomation Framework - Click on login button
2022-12-25 09:49:34,829 [main] INFO 23JulyAutomation Framework - Login Passed
2022-12-25 09:50:01,795 [main] INFO 23JulyAutomation Framework - Open URL
2022-12-25 09:50:01,802 [main] INFO 23JulyAutomation Framework - Enter Username
2022-12-25 09:50:02,268 [main] INFO 23JulyAutomation Framework - Enter Password
2022-12-25 09:50:03,016 [main] INFO 23JulyAutomation Framework - Click on login button
2022-12-25 09:50:10,617 [main] INFO 23JulyAutomation Framework - LoginFailed
2022-12-25 09:50:44,639 [main] INFO 23JulyAutomation Framework - Open URL
2022-12-25 09:50:44,648 [main] INFO 23JulyAutomation Framework - Enter Username
2022-12-25 09:50:44,935 [main] INFO 23JulyAutomation Framework - Enter Password
2022-12-25 09:50:45,540 [main] INFO 23JulyAutomation Framework - Click on login button
2022-12-25 09:50:54,273 [main] INFO 23JulyAutomation Framework - LoginFailed
2022-12-25 09:51:11,227 [main] INFO 23JulyAutomation Framework - Open URL
2022-12-25 09:51:11,231 [main] INFO 23JulyAutomation Framework - Enter Username
2022-12-25 09:51:11,855 [main] INFO 23JulyAutomation Framework - Enter Password
2022-12-25 09:51:12,243 [main] INFO 23JulyAutomation Framework - Click on login button
2022-12-25 09:51:21,872 [main] INFO 23JulyAutomation Framework - LoginFailed
2022-12-25 09:51:40,352 [main] INFO 23JulyAutomation Framework - Open URL
2022-12-25 09:51:40,355 [main] INFO 23JulyAutomation Framework - Enter Username
2022-12-25 09:51:40,805 [main] INFO 23JulyAutomation Framework - Enter Password
2022-12-25 09:51:40,949 [main] INFO 23JulyAutomation Framework - Click on login button
2022-12-25 09:51:50,764 [main] INFO 23JulyAutomation Framework - LoginFailed
2022-12-25 09:52:10,624 [main] INFO 23JulyAutomation Framework - Open URL
2022-12-25 09:52:10,631 [main] INFO 23JulyAutomation Framework - Enter Username
2022-12-25 09:52:10,919 [main] INFO 23JulyAutomation Framework - Enter Password
2022-12-25 09:52:11,009 [main] INFO 23JulyAutomation Framework - Click on login button
2022-12-25 09:52:17,609 [main] INFO 23JulyAutomation Framework - Click in add new customer tab
2022-12-25 09:52:21,115 [main] INFO 23JulyAutomation Framework - Click in add new customer tab
2022-12-25 09:52:21,186 [main] INFO 23JulyAutomation Framework - Enter customer name
2022-12-25 09:52:21,242 [main] INFO 23JulyAutomation Framework - Select gender
2022-12-25 09:52:21,546 [main] INFO 23JulyAutomation Framework - Select DOB
2022-12-25 09:52:21,624 [main] INFO 23JulyAutomation Framework - Enter address
2022-12-25 09:52:21,682 [main] INFO 23JulyAutomation Framework - Select City
2022-12-25 09:52:21,717 [main] INFO 23JulyAutomation Framework - Select state
2022-12-25 09:52:21,752 [main] INFO 23JulyAutomation Framework - Enter Pin number
2022-12-25 09:52:21,786 [main] INFO 23JulyAutomation Framework - Enter mobile number
2022-12-25 09:52:21,834 [main] INFO 23JulyAutomation Framework - Enter email address
2022-12-25 09:52:21,892 [main] INFO 23JulyAutomation Framework - Enter Passowrd 
2022-12-25 09:52:25,076 [main] INFO 23JulyAutomation Framework - User Created
2022-12-25 09:52:41,508 [main] INFO 23JulyAutomation Framework - Open URL
2022-12-25 09:52:41,512 [main] INFO 23JulyAutomation Framework - Enter Username
2022-12-25 09:52:42,038 [main] INFO 23JulyAutomation Framework - Enter Password
2022-12-25 09:52:43,141 [main] INFO 23JulyAutomation Framework - Click on login button
2022-12-25 09:52:47,738 [main] INFO 23JulyAutomation Framework - Test case passed
